DEM PROGRAM RUNTIME LOG FILE   Thu Jul  1 21:18:52 2021



Thu Jul  1 21:18:52 2021
   INSTANTIATE SAMPLE OBJECT

Thu Jul  1 21:18:52 2021
   AND READING INITIAL DATA (PARAMETERS) FROM FILE

Thu Jul  1 21:18:52 2021
   STAT error while checking directory! Directory does not exists.

Thu Jul  1 21:18:52 2021
   STAT error while checking directory! Directory does not exists.
Thu Jul  1 21:18:52 2021
             SEED CELLS, cellsNum = ..........3

Thu Jul  1 21:18:52 2021
   SET WALLS.

Thu Jul  1 21:18:52 2021
   CLEAR FORCES.

Thu Jul  1 21:18:52 2021
   SET BONDS.

Thu Jul  1 21:18:52 2021
   SAMPLE INITIATION HAS BEEN COMPLETED.

Thu Jul  1 21:18:52 2021
   Starting the dynamic relaxation:
                           Number of cells:..........3
                           Critical timestep:..........0.00228823
                           Total timesteps:..........4371
                           Interval for contact list updates:..........5
                           Interval for error value updates:..........14
                           Allowed maximum value of relaxation cycles:..........4371

Thu Jul  1 21:18:52 2021
   CALCULATING ...  
Thu Jul  1 21:18:52 2021
             Mechanical Equilibrium Ratio  ..........8.01892e-07

Thu Jul  1 21:18:57 2021
   COMPLETED.

Thu Jul  1 21:18:57 2021
   FINALIZING THE PROJECT. SAVING *.SMPL FILE

Thu Jul  1 21:18:57 2021
   Resulting cells' posotions: 
                           cell no ..........0
                           R = ..........0.1
                           x = ..........0.676079
                           y = ..........0.676079
                           z = ..........0.676079
                           cell no ..........1
                           R = ..........0.1
                           x = ..........0.458863
                           y = ..........0.458863
                           z = ..........0.458863
                           cell no ..........2
                           R = ..........0.1
                           x = ..........1.08092
                           y = ..........1.08092
                           z = ..........1.08092
                           Number of recorded cells at *.SMPL file..........3

Thu Jul  1 21:18:57 2021
   SAMPLE PROJECT COMPLETED.
